<?xml version="1.0" encoding="UTF-8"?>
<!-- Generated by org.testng.reporters.JUnitReportReporter -->
<testsuite hostname="saumya" name="com.junit.testng.Module2Test" tests="3" failures="0" timestamp="12 Mar 2016 12:38:22 GMT" time="0.010" errors="0">
  <testcase name="f" time="0.000" classname="com.junit.testng.Module2Test"/>
  <testcase name="f" time="0.009" classname="com.junit.testng.Module2Test"/>
  <testcase name="display" time="0.001" classname="com.junit.testng.Module2Test"/>
</testsuite> <!-- com.junit.testng.Module2Test -->
