<?xml version="1.0" encoding="UTF-8"?>
<!-- Generated by org.testng.reporters.JUnitReportReporter -->
<testsuite hostname="saumya" name="com.junit.testng4.NewTest" tests="3" failures="0" timestamp="12 Mar 2016 12:38:22 GMT" time="0.003" errors="0">
  <testcase name="f" time="0.001" classname="com.junit.testng4.NewTest"/>
  <testcase name="f" time="0.000" classname="com.junit.testng4.NewTest"/>
  <testcase name="display" time="0.002" classname="com.junit.testng4.NewTest"/>
</testsuite> <!-- com.junit.testng4.NewTest -->
